   0.0000000000000000        1.1649643540924561     
   2.3570226039551587E-003   1.1649596806088847     
   4.7140452079103175E-003   1.1649518917151302     
   7.0710678118654753E-003   1.1649409882186326     
   9.4280904158206350E-003   1.1649269707058472     
   1.1785113019775792E-002   1.1649098402556595     
   1.4142135623730951E-002   1.1648895980779714     
   1.6499158227686109E-002   1.1648662455461063     
   1.8856180831641270E-002   1.1648397846213536     
   2.1213203435596427E-002   1.1648102169445025     
   2.3570226039551584E-002   1.1647775447305320     
   2.5927248643506744E-002   1.1647417703312086     
   2.8284271247461901E-002   1.1647028963510895     
   3.0641293851417062E-002   1.1646609255258003     
   3.2998316455372219E-002   1.1646158609210151     
   3.5355339059327383E-002   1.1645677057683752     
   3.7712361663282540E-002   1.1645164635282319     
   4.0069384267237690E-002   1.1644621378967368     
   4.2426406871192854E-002   1.1644047326044575     
   4.4783429475148018E-002   1.1643442519784937     
   4.7140452079103168E-002   1.1642807002644040     
   4.9497474683058332E-002   1.1642140821245077     
   5.1854497287013489E-002   1.1641444020950900     
   5.4211519890968639E-002   1.1640716653134169     
   5.6568542494923803E-002   1.1639958768679075     
   5.8925565098878960E-002   1.1639170422084073     
   6.1282587702834124E-002   1.1638351668445865     
   6.3639610306789274E-002   1.1637502568565854     
   6.5996632910744438E-002   1.1636623180566952     
   6.8353655514699588E-002   1.1635713567725008     
   7.0710678118654766E-002   1.1634773794452897     
   7.3067700722609916E-002   1.1633803925657193     
   7.5424723326565080E-002   1.1632804032178334     
   7.7781745930520230E-002   1.1631774183964245     
   8.0138768534475380E-002   1.1630714451899129     
   8.2495791138430544E-002   1.1629624913296868     
   8.4852813742385708E-002   1.1628505642348346     
   8.7209836346340872E-002   1.1627356718907309     
   8.9566858950296036E-002   1.1626178223362764     
   9.1923881554251186E-002   1.1624970237145478     
   9.4280904158206336E-002   1.1623732845015933     
   9.6637926762161486E-002   1.1622466134268563     
   9.8994949366116664E-002   1.1621170191156158     
  0.10135197197007181        1.1619845108125360     
  0.10370899457402698        1.1618490975091076     
  0.10606601717798213        1.1617107885471742     
  0.10842303978193728        1.1615695936191475     
  0.11078006238589246        1.1614255223995238     
  0.11313708498984761        1.1612785847489562     
  0.11549410759380276        1.1611287908884265     
  0.11785113019775792        1.1609761509548819     
  0.12020815280171310        1.1608206754279289     
  0.12256517540566825        1.1606623749398655     
  0.12492219800962340        1.1605012602666562     
  0.12727922061357855        1.1603373422860024     
  0.12963624321753370        1.1601706321633649     
  0.13199326582148888        1.1600011411172131     
  0.13435028842544403        1.1598288805156112     
  0.13670731102939918        1.1596538620750680     
  0.13906433363335435        1.1594760975540754     
  0.14142135623730953        1.1592955987840288     
  0.14377837884126468        1.1591123778327306     
  0.14613540144521983        1.1589264468797793     
  0.14849242404917498        1.1587378182799106     
  0.15084944665313016        1.1585465046445067     
  0.15320646925708531        1.1583525185675370     
  0.15556349186104046        1.1581558727195498     
  0.15792051446499561        1.1579565800808929     
  0.16027753706895076        1.1577546536920797     
  0.16263455967290594        1.1575501068979701     
  0.16499158227686109        1.1573429529146828     
  0.16734860488081624        1.1571332051164944     
  0.16970562748477142        1.1569208773318407     
  0.17206265008872657        1.1567059831087312     
  0.17441967269268174        1.1564885362287358     
  0.17677669529663689        1.1562685507325383     
  0.17913371790059207        1.1560460407866477     
  0.18149074050454719        1.1558210205762209     
  0.18384776310850237        1.1555935042828824     
  0.18620478571245749        1.1553635064986321     
  0.18856180831641267        1.1551310416074521     
  0.19091883092036785        1.1548961243236613     
  0.19327585352432297        1.1546587694505686     
  0.19563287612827815        1.1544189916921666     
  0.19798989873223333        1.1541768061531295     
  0.20034692133618845        1.1539322278504676     
  0.20270394394014363        1.1536852719107218     
  0.20506096654409878        1.1534359535203551     
  0.20741798914805396        1.1531842881818004     
  0.20977501175200911        1.1529302912298618     
  0.21213203435596426        1.1526739780527049     
  0.21448905695991941        1.1524153644190223     
  0.21684607956387456        1.1521544660067626     
  0.21920310216782973        1.1518912984271570     
  0.22156012477178491        1.1516258775462653     
  0.22391714737574003        1.1513582195376053     
  0.22627416997969521        1.1510883401350400     
  0.22863119258365033        1.1508162553613810     
  0.23098821518760551        1.1505419814021958     
  0.23334523779156069        1.1502655346391129     
  0.23570226039551584        1.1499869310294222     
  0.23805928299947099        1.1497061870077874     
  0.24041630560342619        1.1494233190766525     
  0.24277332820738132        1.1491383436060043     
  0.24513035081133649        1.1488512769447314     
  0.24748737341529162        1.1485621357391624     
  0.24984439601924679        1.1482709365463584     
  0.25220141862320200        1.1479776960784223     
  0.25455844122715710        1.1476824309354228     
  0.25691546383111225        1.1473851578641501     
  0.25927248643506740        1.1470858936833117     
  0.26162950903902260        1.1467846552256915     
  0.26398653164297775        1.1464814591440535     
  0.26634355424693290        1.1461763225462613     
  0.26870057685088805        1.1458692622158131     
  0.27105759945484326        1.1455602951481747     
  0.27341462205879835        1.1452494383439393     
  0.27577164466275356        1.1449367087841391     
  0.27812866726670871        1.1446221235099461     
  0.28048568987066386        1.1443056996244589     
  0.28284271247461906        1.1439874540220660     
  0.28519973507857416        1.1436674040043626     
  0.28755675768252936        1.1433455665357728     
  0.28991378028648446        1.1430219587940964     
  0.29227080289043966        1.1426965979545554     
  0.29462782549439481        1.1423695010940942     
  0.29698484809834996        1.1420406853915785     
  0.29934187070230511        1.1417101681233206     
  0.30169889330626032        1.1413779663619967     
  0.30405591591021541        1.1410440972227458     
  0.30641293851417062        1.1407085780439157     
  0.30876996111812571        1.1403714258108399     
  0.31112698372208092        1.1400326579353826     
  0.31348400632603607        1.1396922913689191     
  0.31584102892999122        1.1393503433553003     
  0.31819805153394637        1.1390068311693911     
  0.32055507413790152        1.1386617718804652     
  0.32291209674185672        1.1383151826895921     
  0.32526911934581187        1.1379670804858311     
  0.32762614194976702        1.1376174827024059     
  0.32998316455372217        1.1372664062359787     
  0.33234018715767732        1.1369138683181825     
  0.33469720976163247        1.1365598860400867     
  0.33705423236558768        1.1362044763207184     
  0.33941125496954283        1.1358476562567887     
  0.34176827757349798        1.1354894428109452     
  0.34412530017745313        1.1351298531451988     
  0.34648232278140828        1.1347689040658604     
  0.34883934538536349        1.1344066124704770     
  0.35119636798931858        1.1340429953847349     
  0.35355339059327379        1.1336780695967856     
  0.35591041319722894        1.1333118519584426     
  0.35826743580118414        1.1329443592967146     
  0.36062445840513924        1.1325756084867924     
  0.36298148100909439        1.1322056161410177     
  0.36533850361304959        1.1318343989411399     
  0.36769552621700474        1.1314619736895122     
  0.37005254882095989        1.1310883569527641     
  0.37240957142491499        1.1307135653027187     
  0.37476659402887019        1.1303376154670914     
  0.37712361663282534        1.1299605236842192     
  0.37948063923678049        1.1295823066080599     
  0.38183766184073570        1.1292029805608548     
  0.38419468444469079        1.1288225619669234     
  0.38655170704864594        1.1284410671224958     
  0.38890872965260115        1.1280585123485802     
  0.39126575225655630        1.1276749137836231     
  0.39362277486051145        1.1272902877642461     
  0.39597979746446665        1.1269046503248217     
  0.39833682006842180        1.1265180175937222     
  0.40069384267237690        1.1261304055944990     
  0.40305086527633205        1.1257418302542135     
  0.40540788788028725        1.1253523075706522     
  0.40776491048424240        1.1249618532969947     
  0.41012193308819755        1.1245704834032710     
  0.41247895569215276        1.1241782135118195     
  0.41483597829610791        1.1237850593832610     
  0.41719300090006300        1.1233910367317430     
  0.41955002350401821        1.1229961610184496     
  0.42190704610797336        1.1226004476975526     
  0.42426406871192851        1.1222039124454923     
  0.42662109131588372        1.1218065705084195     
  0.42897811391983881        1.1214084372710371     
  0.43133513652379396        1.1210095279755528     
  0.43369215912774911        1.1206098580183750     
  0.43604918173170432        1.1202094423663418     
  0.43840620433565947        1.1198082960758560     
  0.44076322693961462        1.1194064342694441     
  0.44312024954356982        1.1190038718807911     
  0.44547727214752497        1.1186006239221420     
  0.44783429475148007        1.1181967050141102     
  0.45019131735543527        1.1177921300390476     
  0.45254833995939042        1.1173869136330052     
  0.45490536256334557        1.1169810704104648     
  0.45726238516730067        1.1165746150061058     
  0.45961940777125593        1.1161675618698328     
  0.46197643037521102        1.1157599253063994     
  0.46433345297916617        1.1153517199089868     
  0.46669047558312138        1.1149429596588749     
  0.46904749818707653        1.1145336591681880     
  0.47140452079103168        1.1141238321858433     
  0.47376154339498688        1.1137134930736661     
  0.47611856599894198        1.1133026556170948     
  0.47847558860289713        1.1128913337746280     
  0.48083261120685239        1.1124795414460840     
  0.48318963381080748        1.1120672925041675     
  0.48554665641476263        1.1116546005859578     
  0.48790367901871773        1.1112414792345005     
  0.49026070162267299        1.1108279420757978     
  0.49261772422662808        1.1104140027825342     
  0.49497474683058323        1.1099996744821705     
  0.49733176943453844        1.1095849707695475     
  0.49968879203849359        1.1091699048144115     
  0.50204581464244868        1.1087544897388562     
  0.50440283724640400        1.1083387388260444     
  0.50675985985035910        1.1079226651431344     
  0.50911688245431419        1.1075062815146517     
  0.51147390505826940        1.1070896009785449     
  0.51383092766222449        1.1066726362694081     
  0.51618795026617970        1.1062554001772491     
  0.51854497287013479        1.1058379055230874     
  0.52090199547409000        1.1054201646605846     
  0.52325901807804520        1.1050021904052412     
  0.52561604068200030        1.1045839949904688     
  0.52797306328595550        1.1041655910528196     
  0.53033008588991060        1.1037469907468329     
  0.53268710849386580        1.1033282063472669     
  0.53504413109782101        1.1029092500024846     
  0.53740115370177610        1.1024901337681061     
  0.53975817630573131        1.1020708698216779     
  0.54211519890968651        1.1016514700485491     
  0.54447222151364161        1.1012319462708702     
  0.54682924411759670        1.1008123103435583     
  0.54918626672155191        1.1003925738974616     
  0.55154328932550711        1.0999727486972539     
  0.55390031192946221        1.0995528462765234     
  0.55625733453341741        1.0991328781937850     
  0.55861435713737262        1.0987128559589194     
  0.56097137974132771        1.0982927907363620     
  0.56332840234528281        1.0978726939772712     
  0.56568542494923812        1.0974525767988914     
  0.56804244755319322        1.0970324504227429     
  0.57039947015714831        1.0966123259056599     
  0.57275649276110352        1.0961922143438658     
  0.57511351536505873        1.0957721266549496     
  0.57747053796901382        1.0953520735693756     
  0.57982756057296891        1.0949320660761630     
  0.58218458317692412        1.0945121147326127     
  0.58454160578087933        1.0940922302013527     
  0.58689862838483442        1.0936724232137420     
  0.58925565098878963        1.0932527041851234     
  0.59161267359274472        1.0928330835646269     
  0.59396969619669993        1.0924135717142940     
  0.59632671880065513        1.0919941789097261     
  0.59868374140461023        1.0915749155309806     
  0.60104076400856532        1.0911557917039629     
  0.60339778661252064        1.0907368173766123     
  0.60575480921647573        1.0903180026759862     
  0.60811183182043083        1.0898993576058602     
  0.61046885442438603        1.0894808920758292     
  0.61282587702834124        1.0890626159947721     
  0.61518289963229633        1.0886445389469668     
  0.61753992223625143        1.0882266706889197     
  0.61989694484020663        1.0878090208088429     
  0.62225396744416184        1.0873915989273295     
  0.62461099004811693        1.0869744145770097     
  0.62696801265207214        1.0865574772072453     
  0.62932503525602734        1.0861407960112015     
  0.63168205785998244        1.0857243805622916     
  0.63403908046393753        1.0853082399258749     
  0.63639610306789274        1.0848923833186164     
  0.63875312567184794        1.0844768198360184     
  0.64111014827580304        1.0840615585728111     
  0.64346717087975824        1.0836466085541903     
  0.64582419348371345        1.0832319784776223     
  0.64818121608766854        1.0828176775904141     
  0.65053823869162375        1.0824037143364329     
  0.65289526129557884        1.0819900976079269     
  0.65525228389953405        1.0815768361774125     
  0.65760930650348925        1.0811639385094460     
  0.65996632910744435        1.0807514132632619     
  0.66232335171139944        1.0803392688915656     
  0.66468037431535465        1.0799275137979414     
  0.66703739691930986        1.0795161564426579     
  0.66939441952326495        1.0791052051184069     
  0.67175144212722016        1.0786946681217431     
  0.67410846473117536        1.0782845535573258     
  0.67646548733513046        1.0778748697220919     
  0.67882250993908566        1.0774656246831997     
  0.68117953254304087        1.0770568263666040     
  0.68353655514699596        1.0766484828786984     
  0.68589357775095106        1.0762406020413466     
  0.68825060035490626        1.0758331918706625     
  0.69060762295886147        1.0754262601359359     
  0.69296464556281656        1.0750198144252963     
  0.69532166816677166        1.0746138627930004     
  0.69767869077072697        1.0742084125703586     
  0.70003571337468207        1.0738034716032316     
  0.70239273597863716        1.0733990472767283     
  0.70474975858259237        1.0729951472183845     
  0.70710678118654757        1.0725917787701413     
  0.70946380379050278        1.0721889494221186     
  0.71182082639445787        1.0717866664222540     
  0.71417784899841297        1.0713849371707942     
  0.71653487160236828        1.0709837689058077     
  0.71889189420632327        1.0705831687838041     
  0.72124891681027847        1.0701831439681053     
  0.72360593941423368        1.0697837015301799     
  0.72596296201818877        1.0693848485862067     
  0.72831998462214398        1.0689865922052404     
  0.73067700722609918        1.0685889391998515     
  0.73303402983005417        1.0681918965512684     
  0.73539105243400948        1.0677954711180782     
  0.73774807503796458        1.0673996696969354     
  0.74010509764191978        1.0670044992059817     
  0.74246212024587488        1.0666099661252879     
  0.74481914284982997        1.0662160773131715     
  0.74717616545378518        1.0658228394112108     
  0.74953318805774038        1.0654302589507674     
  0.75189021066169548        1.0650383425051659     
  0.75424723326565069        1.0646470964723314     
  0.75660425586960589        1.0642565274918978     
  0.75896127847356099        1.0638666419594192     
  0.76131830107751619        1.0634774461870917     
  0.76367532368147140        1.0630889466023685     
  0.76603234628542638        1.0627011494418699     
  0.76838936888938159        1.0623140609042609     
  0.77074639149333690        1.0619276873461911     
  0.77310341409729189        1.0615420349873941     
  0.77546043670124709        1.0611571098028698     
  0.77781745930520230        1.0607729178749787     
  0.78017448190915739        1.0603894652944921     
  0.78253150451311260        1.0600067581635868     
  0.78488852711706780        1.0596248024902557     
  0.78724554972102290        1.0592436041972009     
  0.78960257232497810        1.0588631690303978     
  0.79195959492893331        1.0584835031021205     
  0.79431661753288829        1.0581046121275517     
  0.79667364013684361        1.0577265020007445     
  0.79903066274079859        1.0573491783648972     
  0.80138768534475380        1.0569726470900420     
  0.80374470794870900        1.0565969137916988     
  0.80610173055266410        1.0562219840447751     
  0.80845875315661930        1.0558478637652622     
  0.81081577576057451        1.0554745582656284     
  0.81317279836452960        1.0551020732470506     
  0.81552982096848481        1.0547304143032423     
  0.81788684357244001        1.0543595866632309     
  0.82024386617639511        1.0539895960894887     
  0.82260088878035031        1.0536204479997453     
  0.82495791138430552        1.0532521477022074     
  0.82731493398826050        1.0528847005543007     
  0.82967195659221582        1.0525181119503113     
  0.83202897919617091        1.0521523872900136     
  0.83438600180012601        1.0517875317129723     
  0.83674302440408121        1.0514235505756069     
  0.83910004700803642        1.0510604491589002     
  0.84145706961199151        1.0506982325621601     
  0.84381409221594672        1.0503369060649748     
  0.84617111481990193        1.0499764747203171     
  0.84852813742385702        1.0496169437213589     
  0.85088516002781223        1.0492583181670445     
  0.85324218263176743        1.0489006030902679     
  0.85559920523572253        1.0485438035909125     
  0.85795622783967762        1.0481879246027919     
  0.86031325044363272        1.0478329712437746     
  0.86267027304758792        1.0474789483937281     
  0.86502729565154324        1.0471258610099563     
  0.86738431825549822        1.0467737139678384     
  0.86974134085945343        1.0464225124227966     
  0.87209836346340863        1.0460722608487041     
  0.87445538606736373        1.0457229643600130     
  0.87681240867131893        1.0453746277114837     
  0.87916943127527414        1.0450272557534810     
  0.88152645387922923        1.0446808532187908     
  0.88388347648318444        1.0443354249509340     
  0.88624049908713964        1.0439909756166075     
  0.88859752169109463        1.0436475100130769     
  0.89095454429504994        1.0433050326090760     
  0.89331156689900504        1.0429635483643693     
  0.89566858950296013        1.0426230618075651     
  0.89802561210691534        1.0422835776441983     
  0.90038263471087054        1.0419451005144620     
  0.90273965731482564        1.0416076349319305     
  0.90509667991878084        1.0412711855051537     
  0.90745370252273605        1.0409357569171214     
  0.90981072512669114        1.0406013535801251     
  0.91216774773064635        1.0402679800521322     
  0.91452477033460133        1.0399356408645182     
  0.91688179293855654        1.0396043405560673     
  0.91923881554251186        1.0392740834915315     
  0.92159583814646684        1.0389448742271259     
  0.92395286075042204        1.0386167173311542     
  0.92630988335437725        1.0382896169778058     
  0.92866690595833234        1.0379635777948890     
  0.93102392856228755        1.0376386040899872     
  0.93338095116624276        1.0373147002950167     
  0.93573797377019785        1.0369918707458134     
  0.93809499637415306        1.0366701199203823     
  0.94045201897810826        1.0363494520653278     
  0.94280904158206336        1.0360298715610163     
  0.94516606418601856        1.0357113826797268     
  0.94752308678997377        1.0353939898575684     
  0.94988010939392875        1.0350776972320299     
  0.95223713199788396        1.0347625092718371     
  0.95459415460183927        1.0344484301145538     
  0.95695117720579426        1.0341354641059162     
  0.95930819980974946        1.0338236154918787     
  0.96166522241370478        1.0335128884454761     
  0.96402224501765976        1.0332032872830912     
  0.96637926762161497        1.0328948162388520     
  0.96873629022557017        1.0325874793857523     
  0.97109331282952527        1.0322812810817148     
  0.97345033543348047        1.0319762255018887     
  0.97580735803743546        1.0316723168097335     
  0.97816438064139066        1.0313695592232721     
  0.98052140324534598        1.0310679567863692     
  0.98287842584930096        1.0307675139947781     
  0.98523544845325617        1.0304682345851608     
  0.98759247105721137        1.0301701229863405     
  0.98994949366116647        1.0298731832786454     
  0.99230651626512167        1.0295774195936997     
  0.99466353886907688        1.0292828359894239     
  0.99702056147303197        1.0289894366979029     
  0.99937758407698718        1.0286972257089049     
   1.0017346066809423        1.0284062072894067     
   1.0040916292848974        1.0281163854617497     
   1.0064486518888527        1.0278277642943041     
   1.0088056744928080        1.0275403480118983     
   1.0111626970967629        1.0272541405910693     
   1.0135197197007182        1.0269691460652952     
   1.0158767423046733        1.0266853686587993     
   1.0182337649086284        1.0264028124636899     
   1.0205907875125837        1.0261214814580586     
   1.0229478101165388        1.0258413797321080     
   1.0253048327204939        1.0255625115612947     
   1.0276618553244490        1.0252848806013259     
   1.0300188779284043        1.0250084913376993     
   1.0323759005323594        1.0247333475492832     
   1.0347329231363145        1.0244594535451288     
   1.0370899457402696        1.0241868132492287     
   1.0394469683442249        1.0239154307306679     
   1.0418039909481800        1.0236453101223224     
   1.0441610135521351        1.0233764553582363     
   1.0465180361560904        1.0231088706919211     
   1.0488750587600455        1.0228425600391284     
   1.0512320813640006        1.0225775276014577     
   1.0535891039679559        1.0223137773085762     
   1.0559461265719110        1.0220513133202724     
   1.0583031491758661        1.0217901396837250     
   1.0606601717798212        1.0215302605513465     
   1.0630171943837765        1.0212716799277903     
   1.0653742169877316        1.0210144018262313     
   1.0677312395916867        1.0207584304966788     
   1.0700882621956420        1.0205037698588753     
   1.0724452847995971        1.0202504242363559     
   1.0748023074035522        1.0199983975533042     
   1.0771593300075075        1.0197476939241095     
   1.0795163526114626        1.0194983174959493     
   1.0818733752154177        1.0192502724165646     
   1.0842303978193730        1.0190035627417571     
   1.0865874204233279        1.0187581925572244     
   1.0889444430272832        1.0185141661768864     
   1.0913014656312383        1.0182714875146104     
   1.0936584882351934        1.0180301609250919     
   1.0960155108391487        1.0177901904293090     
   1.0983725334431038        1.0175515802028301     
   1.1007295560470589        1.0173143344256415     
   1.1030865786510142        1.0170784572341296     
   1.1054436012549691        1.0168439529441049     
   1.1078006238589244        1.0166108255942792     
   1.1101576464628797        1.0163790796402816     
   1.1125146690668348        1.0161487190189158     
   1.1148716916707899        1.0159197481215585     
   1.1172287142747452        1.0156921712238340     
   1.1195857368787001        1.0154659922808795     
   1.1219427594826554        1.0152412158290627     
   1.1242997820866105        1.0150178460556900     
   1.1266568046905656        1.0147958873263390     
   1.1290138272945209        1.0145753439496787     
   1.1313708498984762        1.0143562200136740     
   1.1337278725024311        1.0141385200885733     
   1.1360848951063864        1.0139222484068366     
   1.1384419177103415        1.0137074093383731     
   1.1407989403142966        1.0134940073187026     
   1.1431559629182517        1.0132820465113010     
   1.1455129855222070        1.0130715316336483     
   1.1478700081261621        1.0128624668518293     
   1.1502270307301175        1.0126548568092764     
   1.1525840533340723        1.0124487058480833     
   1.1549410759380276        1.0122440183673191     
   1.1572980985419827        1.0120407991269795     
   1.1596551211459378        1.0118390523608696     
   1.1620121437498931        1.0116387826604385     
   1.1643691663538482        1.0114399947016615     
   1.1667261889578033        1.0112426930385652     
   1.1690832115617587        1.0110468820639611     
   1.1714402341657137        1.0108525667514969     
   1.1737972567696688        1.0106597514922961     
   1.1761542793736242        1.0104684410823574     
   1.1785113019775793        1.0102786400609001     
   1.1808683245815343        1.0100903533353909     
   1.1832253471854894        1.0099035856270406     
   1.1855823697894448        1.0097183415066224     
   1.1879393923933999        1.0095346261115588     
   1.1902964149973549        1.0093524439704058     
   1.1926534376013103        1.0091718000431433     
   1.1950104602052651        1.0089926993840426     
   1.1973674828092205        1.0088151467429731     
   1.1997245054131758        1.0086391471304885     
   1.2020815280171306        1.0084647054393241     
   1.2044385506210860        1.0082918268749494     
   1.2067955732250413        1.0081205163815421     
   1.2091525958289961        1.0079507791391107     
   1.2115096184329515        1.0077826203007676     
   1.2138666410369066        1.0076160448526723     
   1.2162236636408617        1.0074510581299956     
   1.2185806862448170        1.0072876654807683     
   1.2209377088487721        1.0071258720030969     
   1.2232947314527272        1.0069656831153224     
   1.2256517540566825        1.0068071042966886     
   1.2280087766606376        1.0066501409044044     
   1.2303657992645927        1.0064947983425128     
   1.2327228218685480        1.0063410823052512     
   1.2350798444725029        1.0061889981951928     
   1.2374368670764582        1.0060385517605204     
   1.2397938896804133        1.0058897485855391     
   1.2421509122843686        1.0057425945456628     
   1.2445079348883237        1.0055970952516180     
   1.2468649574922790        1.0054532567077612     
   1.2492219800962339        1.0053110848575180     
   1.2515790027001892        1.0051705855279447     
   1.2539360253041443        1.0050317647173446     
   1.2562930479080994        1.0048946287086020     
   1.2586500705120547        1.0047591837366807     
   1.2610070931160098        1.0046254357557194     
   1.2633641157199649        1.0044933913038916     
   1.2657211383239200        1.0043630566171144     
   1.2680781609278751        1.0042344383436381     
   1.2704351835318304        1.0041075430152360     
   1.2727922061357855        1.0039823772583436     
   1.2751492287397406        1.0038589476151438     
   1.2775062513436959        1.0037372612206823     
   1.2798632739476510        1.0036173248325233     
   1.2822202965516061        1.0034991454613178     
   1.2845773191555614        1.0033827302029910     
   1.2869343417595165        1.0032680864553731     
   1.2892913643634716        1.0031552213759827     
   1.2916483869674269        1.0030441424920413     
   1.2940054095713820        1.0029348573944570     
   1.2963624321753371        1.0028273737696416     
   1.2987194547792922        1.0027216994290022     
   1.3010764773832475        1.0026178423902701     
   1.3034334999872026        1.0025158106715353     
   1.3057905225911577        1.0024156126350809     
   1.3081475451951130        1.0023172565998273     
   1.3105045677990681        1.0022207512716135     
   1.3128615904030232        1.0021261052930475     
   1.3152186130069785        1.0020333276938358     
   1.3175756356109334        1.0019424277070030     
   1.3199326582148887        1.0018534143787907     
   1.3222896808188440        1.0017662973650250     
   1.3246467034227989        1.0016810864810630     
   1.3270037260267542        1.0015977916232435     
   1.3293607486307093        1.0015164231659637     
   1.3317177712346644        1.0014369915814685     
   1.3340747938386197        1.0013595075206914     
   1.3364318164425748        1.0012839821939015     
   1.3387888390465299        1.0012104269430915     
   1.3411458616504852        1.0011388534016297     
   1.3435028842544403        1.0010692738155167     
   1.3458599068583954        1.0010017005872009     
   1.3482169294623507        1.0009361465776883     
   1.3505739520663058        1.0008726250513014     
   1.3529309746702609        1.0008111498289765     
   1.3552879972742162        1.0007517351489863     
   1.3576450198781713        1.0006943958770760     
   1.3600020424821264        1.0006391475173313     
   1.3623590650860817        1.0005860060867691     
   1.3647160876900366        1.0005349885411103     
   1.3670731102939919        1.0004861123361062     
   1.3694301328979470        1.0004393960553808     
   1.3717871555019021        1.0003948592385221     
   1.3741441781058574        1.0003525222139984     
   1.3765012007098125        1.0003124068863321     
   1.3788582233137676        1.0002745364069463     
   1.3812152459177229        1.0002389354099044     
   1.3835722685216780        1.0002056302721811     
   1.3859292911256331        1.0001746496622945     
   1.3882863137295882        1.0001460246416143     
   1.3906433363335433        1.0001197891210285     
   1.3930003589374986        1.0000959807435255     
   1.3953573815414539        1.0000746412550818     
   1.3977144041454088        1.0000558184474795     
   1.4000714267493641        1.0000395669022011     
   1.4024284493533192        1.0000259517617032     
   1.4047854719572743        1.0000150526637090     
   1.4071424945612296        1.0000069730219106     
   1.4094995171651847        1.0000018611359940     
